Change Component Designator: Old Designator=C? New Designator=C8
Change Component Designator: Old Designator=C? New Designator=C9
Change Component Designator: Old Designator=C? New Designator=C10
Change Component Designator: Old Designator=C? New Designator=C11
Change Component Designator: Old Designator=C? New Designator=C12
Change Component Designator: Old Designator=C? New Designator=C13
Change Component Designator: Old Designator=C? New Designator=C14
Change Component Designator: Old Designator=C? New Designator=C15
Change Component Designator: Old Designator=C? New Designator=C16
Change Component Designator: Old Designator=C? New Designator=C17
Change Component Designator: Old Designator=C? New Designator=C18
Change Component Designator: Old Designator=C? New Designator=C19
Change Component Designator: Old Designator=C? New Designator=C20
Change Component Designator: Old Designator=C? New Designator=C21
Change Component Designator: Old Designator=C? New Designator=C22
Change Component Designator: Old Designator=D? New Designator=D1
Change Component Designator: Old Designator=D? New Designator=D2
Change Component Designator: Old Designator=D? New Designator=D3
Change Component Designator: Old Designator=IC? New Designator=IC5
Change Component Designator: Old Designator=JP? New Designator=JP1
Change Component Designator: Old Designator=JP? New Designator=JP2
Change Component Designator: Old Designator=R? New Designator=R7
Change Component Designator: Old Designator=R? New Designator=R8
Change Component Designator: Old Designator=R? New Designator=R9
Change Component Designator: Old Designator=R? New Designator=R10
Change Component Designator: Old Designator=R? New Designator=R11
Change Component Designator: Old Designator=R? New Designator=R12
Change Component Designator: Old Designator=R? New Designator=R13
Change Component Designator: Old Designator=R? New Designator=R14
Change Component Designator: Old Designator=SW? New Designator=SW1
Change Component Designator: Old Designator=TP? New Designator=TP2
Change Component Designator: Old Designator=TP? New Designator=TP3
Change Component Designator: Old Designator=TP? New Designator=TP4
Change Component Designator: Old Designator=TP? New Designator=TP5
Change Component Designator: Old Designator=U? New Designator=U1
Change Component Designator: Old Designator=U? New Designator=U1
