Removed Pin From Net: NetName=DAC_SCLK Pin=U1-74
Removed Pin From Net: NetName=DAC_DATA_IN Pin=U1-76
Removed Pin From Net: NetName=DAC_SYNC Pin=U1-79
Removed Pin From Net: NetName=NetC41_2 Pin=U1-82
Removed Pin From Net: NetName=NetC42_2 Pin=U1-84
Removed Pin From Net: NetName=NetR22_2 Pin=U1-88
Removed Pin From Net: NetName=NetR23_2 Pin=U1-90
Removed Pin From Net: NetName=NetC43_2 Pin=U1-95
Removed Pin From Net: NetName=D_0 Pin=U1-110
Removed Pin From Net: NetName=D_1 Pin=U1-112
Removed Pin From Net: NetName=D_11 Pin=U1-125
Removed Pin From Net: NetName=D_12 Pin=U1-134
Removed Pin From Net: NetName=D_13 Pin=U1-135
Removed Pin From Net: NetName=D_14 Pin=U1-136
Removed Pin From Net: NetName=D_15 Pin=U1-137
Removed Pin From Net: NetName=R\S\ Pin=U1-138
Removed Pin From Net: NetName=RSTSEL Pin=U1-139
Removed Pin From Net: NetName=LDAC Pin=U1-141
Removed Pin From Net: NetName=A1 Pin=U1-142
Removed Pin From Net: NetName=A0 Pin=U1-143
Removed Pin From Net: NetName=W\R\ Pin=U1-144
Added Pin To Net: NetName=D_11 Pin=U1-122
Added Pin To Net: NetName=D_12 Pin=U1-124
Added Pin To Net: NetName=D_13 Pin=U1-125
Added Pin To Net: NetName=D_14 Pin=U1-128
Added Pin To Net: NetName=D_15 Pin=U1-129
