Change Component Designator: Old Designator=C40 New Designator=C?
Change Component Designator: Old Designator=C41 New Designator=C?
Change Component Designator: Old Designator=C42 New Designator=C?
Change Component Designator: Old Designator=C43 New Designator=C?
Change Component Designator: Old Designator=C44 New Designator=C?
Change Component Designator: Old Designator=C45 New Designator=C?
Change Component Designator: Old Designator=C46 New Designator=C?
Change Component Designator: Old Designator=C47 New Designator=C?
Change Component Designator: Old Designator=C48 New Designator=C?
Change Component Designator: Old Designator=C49 New Designator=C?
Change Component Designator: Old Designator=CN3 New Designator=CN?
Change Component Designator: Old Designator=D6 New Designator=D?
Change Component Designator: Old Designator=D7 New Designator=D?
Change Component Designator: Old Designator=D8 New Designator=D?
Change Component Designator: Old Designator=FB3 New Designator=FB?
Change Component Designator: Old Designator=FB4 New Designator=FB?
Change Component Designator: Old Designator=FB5 New Designator=FB?
Change Component Designator: Old Designator=IC8 New Designator=IC?
Change Component Designator: Old Designator=IC9 New Designator=IC?
Change Component Designator: Old Designator=IC10 New Designator=IC?
Change Component Designator: Old Designator=R27 New Designator=R?
Change Component Designator: Old Designator=R28 New Designator=R?
Change Component Designator: Old Designator=TP6 New Designator=TP?
Change Component Designator: Old Designator=TP7 New Designator=TP?
Change Component Designator: Old Designator=TP8 New Designator=TP?
Change Component Designator: Old Designator=TP9 New Designator=TP?
Change Component Designator: Old Designator=TP10 New Designator=TP?
Change Component Designator: Old Designator=TP11 New Designator=TP?
Change Component Designator: Old Designator=TP12 New Designator=TP?
Change Component Designator: Old Designator=TP13 New Designator=TP?
Change Component Designator: Old Designator=U3 New Designator=U?
