Change Component Designator: Old Designator=C3 New Designator=C30
Change Component Designator: Old Designator=CN3 New Designator=CN2
Change Component Designator: Old Designator=D0 New Designator=D5
Change Component Designator: Old Designator=D1 New Designator=D6
Change Component Designator: Old Designator=D2 New Designator=D7
Change Component Designator: Old Designator=D3 New Designator=D8
Change Component Designator: Old Designator=D4 New Designator=D9
Change Component Designator: Old Designator=D5 New Designator=D10
Change Component Designator: Old Designator=D6 New Designator=D11
Change Component Designator: Old Designator=D7 New Designator=D12
Change Component Designator: Old Designator=D11 New Designator=D4
Change Component Designator: Old Designator=R15 New Designator=R18
Change Component Designator: Old Designator=R16 New Designator=R19
Change Component Designator: Old Designator=R17 New Designator=R20
Change Component Designator: Old Designator=R18 New Designator=R25
Change Component Designator: Old Designator=R19 New Designator=R17
Change Component Designator: Old Designator=R20 New Designator=R27
Change Component Designator: Old Designator=R21 New Designator=R22
Change Component Designator: Old Designator=R22 New Designator=R23
Change Component Designator: Old Designator=R23 New Designator=R24
Change Component Designator: Old Designator=R24 New Designator=R28
Change Component Designator: Old Designator=R25 New Designator=R29
Change Component Designator: Old Designator=R26 New Designator=R21
Change Component Designator: Old Designator=R27 New Designator=R31
Change Component Designator: Old Designator=R28 New Designator=R32
Change Component Designator: Old Designator=R29 New Designator=R26
Change Component Designator: Old Designator=R30 New Designator=R33
Change Component Designator: Old Designator=R31 New Designator=R34
Change Component Designator: Old Designator=R32 New Designator=R30
Change Component Designator: Old Designator=SW0 New Designator=SW2
Change Component Designator: Old Designator=SW1 New Designator=SW3
Change Component Designator: Old Designator=SW2 New Designator=SW4
Change Component Designator: Old Designator=SW3 New Designator=SW5
