Change Component Designator: Old Designator=C38 New Designator=C39
Change Component Designator: Old Designator=C39 New Designator=C40
Change Component Designator: Old Designator=C40 New Designator=C41
Change Component Designator: Old Designator=C41 New Designator=C38
Change Component Designator: Old Designator=CN4 New Designator=CN3
Change Component Designator: Old Designator=D12 New Designator=D13
Change Component Designator: Old Designator=D13 New Designator=D14
Change Component Designator: Old Designator=D14 New Designator=D15
Change Component Designator: Old Designator=IC9 New Designator=IC10
Change Component Designator: Old Designator=IC10 New Designator=IC9
Change Component Designator: Old Designator=R33 New Designator=R35
Change Component Designator: Old Designator=R34 New Designator=R36
Change Component Designator: Old Designator=TP9 New Designator=TP7
Change Component Designator: Old Designator=TP10 New Designator=TP8
Change Component Designator: Old Designator=TP11 New Designator=TP9
Change Component Designator: Old Designator=TP12 New Designator=TP10
Change Component Designator: Old Designator=TP13 New Designator=TP11
Change Component Designator: Old Designator=TP14 New Designator=TP12
Change Component Designator: Old Designator=TP15 New Designator=TP13
Change Component Designator: Old Designator=TP16 New Designator=TP14
