Removed Pin From Net: NetName=DAC_SCLK Pin=U1-74
Removed Pin From Net: NetName=DAC_DATA_IN Pin=U1-76
Removed Pin From Net: NetName=DAC_SYNC Pin=U1-79
Removed Pin From Net: NetName=D_0 Pin=U1-80
Removed Pin From Net: NetName=D_1 Pin=U1-81
Removed Pin From Net: NetName=D_2 Pin=U1-82
Removed Pin From Net: NetName=D_3 Pin=U1-83
Removed Pin From Net: NetName=D_4 Pin=U1-84
Removed Pin From Net: NetName=D_5 Pin=U1-85
Removed Pin From Net: NetName=D_6 Pin=U1-87
Removed Pin From Net: NetName=D_7 Pin=U1-88
Removed Pin From Net: NetName=D_8 Pin=U1-90
Removed Pin From Net: NetName=D_9 Pin=U1-91
Removed Pin From Net: NetName=D_10 Pin=U1-93
Added Pin To Net: NetName=D_0 Pin=U1-79
Added Pin To Net: NetName=D_1 Pin=U1-80
Added Pin To Net: NetName=D_2 Pin=U1-81
Added Pin To Net: NetName=D_3 Pin=U1-82
Added Pin To Net: NetName=D_4 Pin=U1-83
Added Pin To Net: NetName=D_5 Pin=U1-84
Added Pin To Net: NetName=D_6 Pin=U1-85
Added Pin To Net: NetName=D_7 Pin=U1-87
Added Pin To Net: NetName=D_8 Pin=U1-88
Added Pin To Net: NetName=D_9 Pin=U1-90
Added Pin To Net: NetName=D_10 Pin=U1-91
