Added Component: Designator=U2(dac8822)
Add component. Clean all parameters for all variants
Add component (AddParameter): Name = "Built_By"; Value = "EMA_UL_Team"; VariantName = "[No Variations]"
Add component (AddParameter): Name = "Copyright"; Value = "Copyright (C) 2018 Accelerated Designs. All rights reserved"; VariantName = "[No Variations]"
Add component (AddParameter): Name = "Manufacturer_Part_Number"; Value = "DAC8822QCDBTR"; VariantName = "[No Variations]"
Add component (AddParameter): Name = "RefDes"; Value = "RefDes"; VariantName = "[No Variations]"
Add component (AddParameter): Name = "Type"; Value = "DEV"; VariantName = "[No Variations]"
Add component (AddParameter): Name = "Value"; Value = "Value"; VariantName = "[No Variations]"
Add component (AddParameter): Name = "Vendor"; Value = "Texas Instruments"; VariantName = "[No Variations]"
Added Pin To Net: NetName=D_1 Pin=U2-1
Added Pin To Net: NetName=D_0 Pin=U2-2
Added Pin To Net: NetName=VREF2 Pin=U2-3
Added Pin To Net: NetName=NetC4_1 Pin=U2-4
Added Pin To Net: NetName=VREF2 Pin=U2-5
Added Pin To Net: NetName=NetIC3_6 Pin=U2-6
Added Pin To Net: NetName=NetIC3_7 Pin=U2-7
Added Pin To Net: NetName=NetC4_2 Pin=U2-8
Added Pin To Net: NetName=AGND Pin=U2-9
Added Pin To Net: NetName=GND Pin=U2-10
Added Pin To Net: NetName=AGND Pin=U2-11
Added Pin To Net: NetName=NetC8_1 Pin=U2-12
Added Pin To Net: NetName=NetIC4_7 Pin=U2-13
Added Pin To Net: NetName=NetIC4_6 Pin=U2-14
Added Pin To Net: NetName=VREF2 Pin=U2-15
Added Pin To Net: NetName=NetC8_2 Pin=U2-16
Added Pin To Net: NetName=VREF2 Pin=U2-17
Added Pin To Net: NetName=W\R\ Pin=U2-18
Added Pin To Net: NetName=A0 Pin=U2-19
Added Pin To Net: NetName=A1 Pin=U2-20
Added Pin To Net: NetName=LDAC Pin=U2-21
Added Pin To Net: NetName=RSTSEL Pin=U2-22
Added Pin To Net: NetName=R\S\ Pin=U2-23
Added Pin To Net: NetName=D_15 Pin=U2-24
Added Pin To Net: NetName=D_14 Pin=U2-25
Added Pin To Net: NetName=D_13 Pin=U2-26
Added Pin To Net: NetName=D_12 Pin=U2-27
Added Pin To Net: NetName=D_11 Pin=U2-28
Added Pin To Net: NetName=+5V Pin=U2-29
Added Pin To Net: NetName=D_10 Pin=U2-30
Added Pin To Net: NetName=D_9 Pin=U2-31
Added Pin To Net: NetName=D_8 Pin=U2-32
Added Pin To Net: NetName=D_7 Pin=U2-33
Added Pin To Net: NetName=D_6 Pin=U2-34
Added Pin To Net: NetName=D_5 Pin=U2-35
Added Pin To Net: NetName=D_4 Pin=U2-36
Added Pin To Net: NetName=D_3 Pin=U2-37
Added Pin To Net: NetName=D_2 Pin=U2-38
Added Member To Class: ClassName=iCE Banks Member=Component U2 DAC8822QCDBTR
